Determining if the pthread_create exist failed with the following output:
Change Dir: /home/lql/catkin_ws/src/motor_control/cmake-build-debug/CMakeFiles/CMakeTmp

Run Build Command:"/home/lql/下载/clion-2021.3.4/bin/ninja/linux/ninja" "cmTC_48dfb"
[1/2] Building C object CMakeFiles/cmTC_48dfb.dir/CheckSymbolExists.c.o
[2/2] Linking C executable cmTC_48dfb
FAILED: cmTC_48dfb 
: && /usr/bin/cc   -rdynamic CMakeFiles/cmTC_48dfb.dir/CheckSymbolExists.c.o  -o cmTC_48dfb   && :
CMakeFiles/cmTC_48dfb.dir/CheckSymbolExists.c.o：在函数‘main’中：
CheckSymbolExists.c:(.text+0x1b)：对‘pthread_create’未定义的引用
collect2: error: ld returned 1 exit status
ninja: build stopped: subcommand failed.

File /home/lql/catkin_ws/src/motor_control/cmake-build-debug/CMakeFiles/CMakeTmp/CheckSymbolExists.c:
/* */
#include <pthread.h>

int main(int argc, char** argv)
{
  (void)argv;
#ifndef pthread_create
  return ((int*)(&pthread_create))[argc];
#else
  (void)argc;
  return 0;
#endif
}

Determining if the function pthread_create exists in the pthreads failed with the following output:
Change Dir: /home/lql/catkin_ws/src/motor_control/cmake-build-debug/CMakeFiles/CMakeTmp

Run Build Command:"/home/lql/下载/clion-2021.3.4/bin/ninja/linux/ninja" "cmTC_68a84"
[1/2] Building C object CMakeFiles/cmTC_68a84.dir/CheckFunctionExists.c.o
[2/2] Linking C executable cmTC_68a84
FAILED: cmTC_68a84 
: && /usr/bin/cc -DCHECK_FUNCTION_EXISTS=pthread_create  -rdynamic CMakeFiles/cmTC_68a84.dir/CheckFunctionExists.c.o  -o cmTC_68a84  -lpthreads && :
/usr/bin/ld: 找不到 -lpthreads
collect2: error: ld returned 1 exit status
ninja: build stopped: subcommand failed.


